<?xml version="1.0" encoding="UTF-8"?>
<!-- Generated by org.testng.reporters.JUnitXMLReporter -->
<testsuite hostname="ZMBLRANUSHA" ignored="0" name="Surefire test" tests="7" failures="0" timestamp="26 Jun 2021 10:14:21 GMT" time="69.492" errors="0">
  <testcase name="clicklogin_Test" time="0.716" classname="scripts.Login_Test"/>
  <testcase name="loginWithInvalidUserNameInvalidPassword_Test" time="1.917" classname="scripts.Login_Test"/>
  <testcase name="loginWithInvalidUserNameValidPassword_Test" time="1.389" classname="scripts.Login_Test"/>
  <testcase name="loginWithValidUserNameInvalidPassword_Test" time="1.336" classname="scripts.Login_Test"/>
  <testcase name="successfulApplicationCreation_Test" time="4.016" classname="scripts.Login_Test"/>
  <testcase name="successfullLogin_Test" time="1.798" classname="scripts.Login_Test"/>
  <testcase name="unsuccessfulApplicationCreation_Test" time="5.495" classname="scripts.Login_Test"/>
</testsuite> <!-- Surefire test -->
