<?xml version="1.0" encoding="UTF-8"?>
<!-- Generated by org.testng.reporters.JUnitXMLReporter -->
<testsuite hostname="ZMBLRANUSHA" ignored="6" name="Default test" tests="1" failures="0" timestamp="26 Jun 2021 09:22:18 GMT" time="13.315" errors="0">
  <testcase name="successfullLogin_Test" time="3.505" classname="scripts.Login_Test"/>
  <testcase name="clicklogin_Test" time="0.0" classname="scripts.Login_Test">
    <ignored/>
  </testcase> <!-- clicklogin_Test -->
  <testcase name="unsuccessfulApplicationCreation_Test" time="0.0" classname="scripts.Login_Test">
    <ignored/>
  </testcase> <!-- unsuccessfulApplicationCreation_Test -->
  <testcase name="loginWithValidUserNameInvalidPassword_Test" time="0.0" classname="scripts.Login_Test">
    <ignored/>
  </testcase> <!-- loginWithValidUserNameInvalidPassword_Test -->
  <testcase name="loginWithInvalidUserNameValidPassword_Test" time="0.0" classname="scripts.Login_Test">
    <ignored/>
  </testcase> <!-- loginWithInvalidUserNameValidPassword_Test -->
  <testcase name="successfulApplicationCreation_Test" time="0.0" classname="scripts.Login_Test">
    <ignored/>
  </testcase> <!-- successfulApplicationCreation_Test -->
  <testcase name="loginWithInvalidUserNameInvalidPassword_Test" time="0.0" classname="scripts.Login_Test">
    <ignored/>
  </testcase> <!-- loginWithInvalidUserNameInvalidPassword_Test -->
</testsuite> <!-- Default test -->
