<?xml version="1.0" encoding="UTF-8"?>
<testng-results skipped="0" failed="0" ignored="0" total="7" passed="7">
  <reporter-output>
  </reporter-output>
  <suite name="Surefire suite" duration-ms="69492" started-at="2021-06-26T10:13:11Z" finished-at="2021-06-26T10:14:21Z">
    <groups>
    </groups>
    <test name="Surefire test" duration-ms="69492" started-at="2021-06-26T10:13:11Z" finished-at="2021-06-26T10:14:21Z">
      <class name="scripts.Login_Test">
        <test-method status="PASS" signature="open_Application()[pri:0, instance:scripts.Login_Test@139982de]" name="open_Application" is-config="true" duration-ms="7403" started-at="2021-06-26T10:13:11Z" finished-at="2021-06-26T10:13:19Z">
          <reporter-output>
          </reporter-output>
        </test-method> <!-- open_Application -->
        <test-method status="PASS" signature="clicklogin_Test()[pri:0, instance:scripts.Login_Test@139982de]" name="clicklogin_Test" duration-ms="716" started-at="2021-06-26T10:13:19Z" finished-at="2021-06-26T10:13:20Z">
          <reporter-output>
          </reporter-output>
        </test-method> <!-- clicklogin_Test -->
        <test-method status="PASS" signature="close_Application()[pri:0, instance:scripts.Login_Test@139982de]" name="close_Application" is-config="true" duration-ms="660" started-at="2021-06-26T10:13:20Z" finished-at="2021-06-26T10:13:20Z">
          <reporter-output>
          </reporter-output>
        </test-method> <!-- close_Application -->
        <test-method status="PASS" signature="open_Application()[pri:0, instance:scripts.Login_Test@139982de]" name="open_Application" is-config="true" duration-ms="6657" started-at="2021-06-26T10:13:20Z" finished-at="2021-06-26T10:13:27Z">
          <reporter-output>
          </reporter-output>
        </test-method> <!-- open_Application -->
        <test-method status="PASS" signature="loginWithInvalidUserNameInvalidPassword_Test()[pri:0, instance:scripts.Login_Test@139982de]" name="loginWithInvalidUserNameInvalidPassword_Test" duration-ms="1917" started-at="2021-06-26T10:13:27Z" finished-at="2021-06-26T10:13:29Z">
          <reporter-output>
          </reporter-output>
        </test-method> <!-- loginWithInvalidUserNameInvalidPassword_Test -->
        <test-method status="PASS" signature="close_Application()[pri:0, instance:scripts.Login_Test@139982de]" name="close_Application" is-config="true" duration-ms="646" started-at="2021-06-26T10:13:29Z" finished-at="2021-06-26T10:13:29Z">
          <reporter-output>
          </reporter-output>
        </test-method> <!-- close_Application -->
        <test-method status="PASS" signature="open_Application()[pri:0, instance:scripts.Login_Test@139982de]" name="open_Application" is-config="true" duration-ms="7102" started-at="2021-06-26T10:13:29Z" finished-at="2021-06-26T10:13:37Z">
          <reporter-output>
          </reporter-output>
        </test-method> <!-- open_Application -->
        <test-method status="PASS" signature="loginWithInvalidUserNameValidPassword_Test()[pri:0, instance:scripts.Login_Test@139982de]" name="loginWithInvalidUserNameValidPassword_Test" duration-ms="1389" started-at="2021-06-26T10:13:37Z" finished-at="2021-06-26T10:13:38Z">
          <reporter-output>
          </reporter-output>
        </test-method> <!-- loginWithInvalidUserNameValidPassword_Test -->
        <test-method status="PASS" signature="close_Application()[pri:0, instance:scripts.Login_Test@139982de]" name="close_Application" is-config="true" duration-ms="662" started-at="2021-06-26T10:13:38Z" finished-at="2021-06-26T10:13:39Z">
          <reporter-output>
          </reporter-output>
        </test-method> <!-- close_Application -->
        <test-method status="PASS" signature="open_Application()[pri:0, instance:scripts.Login_Test@139982de]" name="open_Application" is-config="true" duration-ms="6630" started-at="2021-06-26T10:13:39Z" finished-at="2021-06-26T10:13:45Z">
          <reporter-output>
          </reporter-output>
        </test-method> <!-- open_Application -->
        <test-method status="PASS" signature="loginWithValidUserNameInvalidPassword_Test()[pri:0, instance:scripts.Login_Test@139982de]" name="loginWithValidUserNameInvalidPassword_Test" duration-ms="1336" started-at="2021-06-26T10:13:45Z" finished-at="2021-06-26T10:13:47Z">
          <reporter-output>
          </reporter-output>
        </test-method> <!-- loginWithValidUserNameInvalidPassword_Test -->
        <test-method status="PASS" signature="close_Application()[pri:0, instance:scripts.Login_Test@139982de]" name="close_Application" is-config="true" duration-ms="675" started-at="2021-06-26T10:13:47Z" finished-at="2021-06-26T10:13:47Z">
          <reporter-output>
          </reporter-output>
        </test-method> <!-- close_Application -->
        <test-method status="PASS" signature="open_Application()[pri:0, instance:scripts.Login_Test@139982de]" name="open_Application" is-config="true" duration-ms="6756" started-at="2021-06-26T10:13:47Z" finished-at="2021-06-26T10:13:54Z">
          <reporter-output>
          </reporter-output>
        </test-method> <!-- open_Application -->
        <test-method status="PASS" signature="successfulApplicationCreation_Test()[pri:0, instance:scripts.Login_Test@139982de]" name="successfulApplicationCreation_Test" duration-ms="4016" started-at="2021-06-26T10:13:54Z" finished-at="2021-06-26T10:13:58Z">
          <reporter-output>
          </reporter-output>
        </test-method> <!-- successfulApplicationCreation_Test -->
        <test-method status="PASS" signature="close_Application()[pri:0, instance:scripts.Login_Test@139982de]" name="close_Application" is-config="true" duration-ms="687" started-at="2021-06-26T10:13:58Z" finished-at="2021-06-26T10:13:59Z">
          <reporter-output>
          </reporter-output>
        </test-method> <!-- close_Application -->
        <test-method status="PASS" signature="open_Application()[pri:0, instance:scripts.Login_Test@139982de]" name="open_Application" is-config="true" duration-ms="6961" started-at="2021-06-26T10:13:59Z" finished-at="2021-06-26T10:14:06Z">
          <reporter-output>
          </reporter-output>
        </test-method> <!-- open_Application -->
        <test-method status="PASS" signature="successfullLogin_Test()[pri:0, instance:scripts.Login_Test@139982de]" name="successfullLogin_Test" duration-ms="1798" started-at="2021-06-26T10:14:06Z" finished-at="2021-06-26T10:14:07Z">
          <reporter-output>
          </reporter-output>
        </test-method> <!-- successfullLogin_Test -->
        <test-method status="PASS" signature="close_Application()[pri:0, instance:scripts.Login_Test@139982de]" name="close_Application" is-config="true" duration-ms="647" started-at="2021-06-26T10:14:07Z" finished-at="2021-06-26T10:14:08Z">
          <reporter-output>
          </reporter-output>
        </test-method> <!-- close_Application -->
        <test-method status="PASS" signature="open_Application()[pri:0, instance:scripts.Login_Test@139982de]" name="open_Application" is-config="true" duration-ms="6671" started-at="2021-06-26T10:14:08Z" finished-at="2021-06-26T10:14:15Z">
          <reporter-output>
          </reporter-output>
        </test-method> <!-- open_Application -->
        <test-method status="PASS" signature="unsuccessfulApplicationCreation_Test()[pri:0, instance:scripts.Login_Test@139982de]" name="unsuccessfulApplicationCreation_Test" duration-ms="5495" started-at="2021-06-26T10:14:15Z" finished-at="2021-06-26T10:14:20Z">
          <reporter-output>
          </reporter-output>
        </test-method> <!-- unsuccessfulApplicationCreation_Test -->
        <test-method status="PASS" signature="close_Application()[pri:0, instance:scripts.Login_Test@139982de]" name="close_Application" is-config="true" duration-ms="652" started-at="2021-06-26T10:14:20Z" finished-at="2021-06-26T10:14:21Z">
          <reporter-output>
          </reporter-output>
        </test-method> <!-- close_Application -->
      </class> <!-- scripts.Login_Test -->
    </test> <!-- Surefire test -->
  </suite> <!-- Surefire suite -->
</testng-results>
